Using pre-set license
Built from '2021.3/staging' branch; Version is '2021.3.23f1 (213b516bf396) revision 2177873'; Using compiler version '192829333'; Build Type 'Release'
OS: 'Windows 10  (10.0.19045) 64bit Professional' Language: 'de' Physical Memory: 16333 MB
BatchMode: 1, IsHumanControllingUs: 0, StartBugReporterOnCrash: 0, Is64bit: 1, IsPro: 1

COMMAND LINE ARGUMENTS:
C:\Program Files\Unity\Hub\Editor\2021.3.23f1\Editor\Unity.exe
-adb2
-batchMode
-noUpm
-name
AssetImportWorker2
-projectPath
C:/Users/Amin Salaibi/Documents/GitHub/DevAgErstesSpiel/DevAgErstesSpiel
-logFile
Logs/AssetImportWorker2.log
-srvPort
61776
Successfully changed project path to: C:/Users/Amin Salaibi/Documents/GitHub/DevAgErstesSpiel/DevAgErstesSpiel
C:/Users/Amin Salaibi/Documents/GitHub/DevAgErstesSpiel/DevAgErstesSpiel
[UnityMemory] Configuration Parameters - Can be set up in boot.config
    "memorysetup-bucket-allocator-granularity=16"
    "memorysetup-bucket-allocator-bucket-count=8"
    "memorysetup-bucket-allocator-block-size=33554432"
    "memorysetup-bucket-allocator-block-count=8"
    "memorysetup-main-allocator-block-size=16777216"
    "memorysetup-thread-allocator-block-size=16777216"
    "memorysetup-gfx-main-allocator-block-size=16777216"
    "memorysetup-gfx-thread-allocator-block-size=16777216"
    "memorysetup-cache-allocator-block-size=4194304"
    "memorysetup-typetree-allocator-block-size=2097152"
    "memorysetup-profiler-bucket-allocator-granularity=16"
    "memorysetup-profiler-bucket-allocator-bucket-count=8"
    "memorysetup-profiler-bucket-allocator-block-size=33554432"
    "memorysetup-profiler-bucket-allocator-block-count=8"
    "memorysetup-profiler-allocator-block-size=16777216"
    "memorysetup-profiler-editor-allocator-block-size=1048576"
    "memorysetup-temp-allocator-size-main=16777216"
    "memorysetup-job-temp-allocator-block-size=2097152"
    "memorysetup-job-temp-allocator-block-size-background=1048576"
    "memorysetup-job-temp-allocator-reduction-small-platforms=262144"
    "memorysetup-temp-allocator-size-background-worker=32768"
    "memorysetup-temp-allocator-size-job-worker=262144"
    "memorysetup-temp-allocator-size-preload-manager=33554432"
    "memorysetup-temp-allocator-size-nav-mesh-worker=65536"
    "memorysetup-temp-allocator-size-audio-worker=65536"
    "memorysetup-temp-allocator-size-cloud-worker=32768"
    "memorysetup-temp-allocator-size-gi-baking-worker=262144"
    "memorysetup-temp-allocator-size-gfx=262144"
Player connection [16284] Host "[IP] 192.168.178.111 [Port] 0 [Flags] 2 [Guid] 3235044885 [EditorId] 3235044885 [Version] 1048832 [Id] WindowsEditor(7,DESKTOP-26695Q6) [Debug] 1 [PackageName] WindowsEditor [ProjectName] Editor" joined multi-casting on [225.0.0.222:54997]...

Player connection [16284] Host "[IP] 192.168.178.111 [Port] 0 [Flags] 2 [Guid] 3235044885 [EditorId] 3235044885 [Version] 1048832 [Id] WindowsEditor(7,DESKTOP-26695Q6) [Debug] 1 [PackageName] WindowsEditor [ProjectName] Editor" joined alternative multi-casting on [225.0.0.222:34997]...

received signal from system: SIGSEGV
Obtained 22 stack frames
0x00007ff67004ed1d ((<unknown>)) 
0x00007ff6700558d9 ((<unknown>)) 
0x00007ff670fed0a3 ((<unknown>)) 
0x00007ff670054916 ((<unknown>)) 
0x00007ff67004e34c ((<unknown>)) 
0x00007ff67242ca4e ((<unknown>)) 
0x00007ff6724ee448 ((<unknown>)) 
0x00007ff6723f9380 ((<unknown>)) 
0x00007ffa327f23df ((<unknown>)) 
0x00007ffa327a14a4 ((<unknown>)) 
0x00007ffa327f0f0e ((<unknown>)) 
0x00007ff66f8d2160 ((<unknown>)) 
0x00007ff66f8bcbba ((<unknown>)) 
0x00007ff66f8bd425 ((<unknown>)) 
0x00007ff66f8c7a2e ((<unknown>)) 
0x00007ff6715b812d (Unity) 
0x00007ff66fc1febe (Unity) 
0x00007ff670b90781 (Unity) 
0x00007ff670ff7808 (Unity) 
0x00007ff6723d6cbe (Unity) 
0x00007ffa31727614 (KERNEL32) BaseThreadInitThunk
0x00007ffa327a26a1 (ntdll) RtlUserThreadStart

